<?xml version="1.0" encoding="UTF-8"?>
<!-- Generated by org.testng.reporters.JUnitXMLReporter -->
<testsuite hostname="EPRURYAW0060" ignored="5" name="TestNgGroups" tests="16" failures="3" timestamp="19 Mar 2018 12:49:05 GMT" time="0.058" errors="0">
  <testcase name="testIsPositive" time="0.006" classname="com.epam.test.calculator.suites.test.positive.BasicOperators"/>
  <testcase name="divTest" time="0.006" classname="com.epam.test.calculator.suites.test.positive.BasicOperators"/>
  <testcase name="multTest" time="0.009" classname="com.epam.test.calculator.suites.test.positive.BasicOperators"/>
  <testcase name="testPow" time="0.009" classname="com.epam.test.calculator.suites.test.positive.BasicOperators">
    <failure type="java.lang.AssertionError" message="expected [true] but found [false]">
      <![CDATA[java.lang.AssertionError: expected [true] but found [false]
at com.epam.test.calculator.suites.test.positive.BasicOperators.testPow(BasicOperators.java:31)
at java.util.concurrent.ThreadPoolExecutor.runWorker(ThreadPoolExecutor.java:1149)
at java.util.concurrent.ThreadPoolExecutor$Worker.run(ThreadPoolExecutor.java:624)
at java.lang.Thread.run(Thread.java:748)
... Removed 14 stack frames]]>
    </failure>
  </testcase> <!-- testPow -->
  <testcase name="divTest" time="0.004" classname="com.epam.test.calculator.suites.test.positive.BasicOperators"/>
  <testcase name="divTest" time="0.001" classname="com.epam.test.calculator.suites.test.positive.BasicOperators"/>
  <testcase name="testPow" time="0.001" classname="com.epam.test.calculator.suites.test.positive.BasicOperators"/>
  <testcase name="multTest" time="0.009" classname="com.epam.test.calculator.suites.test.positive.BasicOperators">
    <failure type="java.lang.AssertionError" message="expected [3.92351654564654] but found [3.0]">
      <![CDATA[java.lang.AssertionError: expected [3.92351654564654] but found [3.0]
at com.epam.test.calculator.suites.test.positive.BasicOperators.multTest(BasicOperators.java:66)
at java.util.concurrent.ThreadPoolExecutor.runWorker(ThreadPoolExecutor.java:1149)
at java.util.concurrent.ThreadPoolExecutor$Worker.run(ThreadPoolExecutor.java:624)
at java.lang.Thread.run(Thread.java:748)
... Removed 15 stack frames]]>
    </failure>
  </testcase> <!-- multTest -->
  <testcase name="divTest" time="0.003" classname="com.epam.test.calculator.suites.test.positive.BasicOperators"/>
  <testcase name="testPow" time="0.002" classname="com.epam.test.calculator.suites.test.positive.BasicOperators"/>
  <testcase name="testPow" time="0.001" classname="com.epam.test.calculator.suites.test.positive.BasicOperators"/>
  <testcase name="testPow" time="0.001" classname="com.epam.test.calculator.suites.test.positive.BasicOperators"/>
  <testcase name="divTest" time="0.001" classname="com.epam.test.calculator.suites.test.positive.BasicOperators"/>
  <testcase name="multTest" time="0.003" classname="com.epam.test.calculator.suites.test.positive.BasicOperators"/>
  <testcase name="multTest" time="0.0" classname="com.epam.test.calculator.suites.test.positive.BasicOperators">
    <failure type="java.lang.AssertionError" message="expected [-3000.6000000000004] but found [-3001.0]">
      <![CDATA[java.lang.AssertionError: expected [-3000.6000000000004] but found [-3001.0]
at com.epam.test.calculator.suites.test.positive.BasicOperators.multTest(BasicOperators.java:66)
at java.util.concurrent.ThreadPoolExecutor.runWorker(ThreadPoolExecutor.java:1149)
at java.util.concurrent.ThreadPoolExecutor$Worker.run(ThreadPoolExecutor.java:624)
at java.lang.Thread.run(Thread.java:748)
... Removed 15 stack frames]]>
    </failure>
  </testcase> <!-- multTest -->
  <testcase name="multTest" time="0.001" classname="com.epam.test.calculator.suites.test.positive.BasicOperators"/>
  <testcase name="sumTest" time="0.0" classname="com.epam.test.calculator.suites.test.positive.BasicOperators">
    <ignored/>
  </testcase> <!-- sumTest -->
  <testcase name="testCtg" time="0.0" classname="com.epam.test.calculator.suites.test.positive.TrigonometricOperators">
    <ignored/>
  </testcase> <!-- testCtg -->
  <testcase name="testTg" time="0.0" classname="com.epam.test.calculator.suites.test.positive.TrigonometricOperators">
    <ignored/>
  </testcase> <!-- testTg -->
  <testcase name="testCos" time="0.0" classname="com.epam.test.calculator.suites.test.positive.TrigonometricOperators">
    <ignored/>
  </testcase> <!-- testCos -->
  <testcase name="testSin" time="0.0" classname="com.epam.test.calculator.suites.test.positive.TrigonometricOperators">
    <ignored/>
  </testcase> <!-- testSin -->
</testsuite> <!-- TestNgGroups -->
