<html>
<head>
<title>TestNG:  TestNgGroups</title>
<link href="../testng.css" rel="stylesheet" type="text/css" />
<link href="../my-testng.css" rel="stylesheet" type="text/css" />

<style type="text/css">
.log { display: none;} 
.stack-trace { display: none;} 
</style>
<script type="text/javascript">
<!--
function flip(e) {
  current = e.style.display;
  if (current == 'block') {
    e.style.display = 'none';
    return 0;
  }
  else {
    e.style.display = 'block';
    return 1;
  }
}

function toggleBox(szDivId, elem, msg1, msg2)
{
  var res = -1;  if (document.getElementById) {
    res = flip(document.getElementById(szDivId));
  }
  else if (document.all) {
    // this is the way old msie versions work
    res = flip(document.all[szDivId]);
  }
  if(elem) {
    if(res == 0) elem.innerHTML = msg1; else elem.innerHTML = msg2;
  }

}

function toggleAllBoxes() {
  if (document.getElementsByTagName) {
    d = document.getElementsByTagName('div');
    for (i = 0; i < d.length; i++) {
      if (d[i].className == 'log') {
        flip(d[i]);
      }
    }
  }
}

// -->
</script>

</head>
<body>
<h2 align='center'>TestNgGroups</h2><table border='1' align="center">
<tr>
<td>Tests passed/Failed/Skipped:</td><td>13/3/0</td>
</tr><tr>
<td>Started on:</td><td>Mon Mar 19 15:49:05 MSK 2018</td>
</tr>
<tr><td>Total time:</td><td>0 seconds (58 ms)</td>
</tr><tr>
<td>Included groups:</td><td>basicOperations </td>
</tr><tr>
<td>Excluded groups:</td><td></td>
</tr>
</table><p/>
<small><i>(Hover the method name to see the test class name)</i></small><p/>
<table width='100%' border='1' class='invocation-failed'>
<tr><td colspan='4' align='center'><b>FAILED TESTS</b></td></tr>
<tr><td><b>Test method</b></td>
<td width="30%"><b>Exception</b></td>
<td width="10%"><b>Time (seconds)</b></td>
<td><b>Instance</b></td>
</tr>
<tr>
<td title='com.epam.test.calculator.suites.test.positive.BasicOperators.multTest()'><b>multTest</b><br>Test class: com.epam.test.calculator.suites.test.positive.BasicOperators<br>Parameters: 3.92351654564654, 1</td>
<td><div><pre>java.lang.AssertionError: expected [3.92351654564654] but found [3.0]
	at com.epam.test.calculator.suites.test.positive.BasicOperators.multTest(BasicOperators.java:66)
	at java.util.concurrent.ThreadPoolExecutor.runWorker(ThreadPoolExecutor.java:1149)
	at java.util.concurrent.ThreadPoolExecutor$Worker.run(ThreadPoolExecutor.java:624)
	at java.lang.Thread.run(Thread.java:748)
... Removed 15 stack frames</pre></div><a href='#' onClick='toggleBox("stack-trace332685523", this, "Click to show all stack frames", "Click to hide stack frames")'>Click to show all stack frames</a>
<div class='stack-trace' id='stack-trace332685523'><pre>java.lang.AssertionError: expected [3.92351654564654] but found [3.0]
	at org.testng.Assert.fail(Assert.java:96)
	at org.testng.Assert.failNotEquals(Assert.java:776)
	at org.testng.Assert.assertEqualsImpl(Assert.java:137)
	at org.testng.Assert.assertEquals(Assert.java:118)
	at org.testng.Assert.assertEquals(Assert.java:442)
	at com.epam.test.calculator.suites.test.positive.BasicOperators.multTest(BasicOperators.java:66)
	at sun.reflect.NativeMethodAccessorImpl.invoke0(Native Method)
	at sun.reflect.NativeMethodAccessorImpl.invoke(NativeMethodAccessorImpl.java:62)
	at sun.reflect.DelegatingMethodAccessorImpl.invoke(DelegatingMethodAccessorImpl.java:43)
	at java.lang.reflect.Method.invoke(Method.java:498)
	at org.testng.internal.MethodInvocationHelper.invokeMethod(MethodInvocationHelper.java:124)
	at org.testng.internal.Invoker.invokeMethod(Invoker.java:580)
	at org.testng.internal.Invoker.invokeTestMethod(Invoker.java:716)
	at org.testng.internal.Invoker.invokeTestMethods(Invoker.java:988)
	at org.testng.internal.TestMethodWorker.invokeTestMethods(TestMethodWorker.java:125)
	at org.testng.internal.TestMethodWorker.run(TestMethodWorker.java:109)
	at java.util.concurrent.ThreadPoolExecutor.runWorker(ThreadPoolExecutor.java:1149)
	at java.util.concurrent.ThreadPoolExecutor$Worker.run(ThreadPoolExecutor.java:624)
	at java.lang.Thread.run(Thread.java:748)
</pre></div></td>
<td>0</td>
<td>com.epam.test.calculator.suites.test.positive.BasicOperators@4f18837a</td></tr>
<tr>
<td title='com.epam.test.calculator.suites.test.positive.BasicOperators.multTest()'><b>multTest</b><br>Test class: com.epam.test.calculator.suites.test.positive.BasicOperators<br>Parameters: -1000.2, 3</td>
<td><div><pre>java.lang.AssertionError: expected [-3000.6000000000004] but found [-3001.0]
	at com.epam.test.calculator.suites.test.positive.BasicOperators.multTest(BasicOperators.java:66)
	at java.util.concurrent.ThreadPoolExecutor.runWorker(ThreadPoolExecutor.java:1149)
	at java.util.concurrent.ThreadPoolExecutor$Worker.run(ThreadPoolExecutor.java:624)
	at java.lang.Thread.run(Thread.java:748)
... Removed 15 stack frames</pre></div><a href='#' onClick='toggleBox("stack-trace978489806", this, "Click to show all stack frames", "Click to hide stack frames")'>Click to show all stack frames</a>
<div class='stack-trace' id='stack-trace978489806'><pre>java.lang.AssertionError: expected [-3000.6000000000004] but found [-3001.0]
	at org.testng.Assert.fail(Assert.java:96)
	at org.testng.Assert.failNotEquals(Assert.java:776)
	at org.testng.Assert.assertEqualsImpl(Assert.java:137)
	at org.testng.Assert.assertEquals(Assert.java:118)
	at org.testng.Assert.assertEquals(Assert.java:442)
	at com.epam.test.calculator.suites.test.positive.BasicOperators.multTest(BasicOperators.java:66)
	at sun.reflect.NativeMethodAccessorImpl.invoke0(Native Method)
	at sun.reflect.NativeMethodAccessorImpl.invoke(NativeMethodAccessorImpl.java:62)
	at sun.reflect.DelegatingMethodAccessorImpl.invoke(DelegatingMethodAccessorImpl.java:43)
	at java.lang.reflect.Method.invoke(Method.java:498)
	at org.testng.internal.MethodInvocationHelper.invokeMethod(MethodInvocationHelper.java:124)
	at org.testng.internal.Invoker.invokeMethod(Invoker.java:580)
	at org.testng.internal.Invoker.invokeTestMethod(Invoker.java:716)
	at org.testng.internal.Invoker.invokeTestMethods(Invoker.java:988)
	at org.testng.internal.TestMethodWorker.invokeTestMethods(TestMethodWorker.java:125)
	at org.testng.internal.TestMethodWorker.run(TestMethodWorker.java:109)
	at java.util.concurrent.ThreadPoolExecutor.runWorker(ThreadPoolExecutor.java:1149)
	at java.util.concurrent.ThreadPoolExecutor$Worker.run(ThreadPoolExecutor.java:624)
	at java.lang.Thread.run(Thread.java:748)
</pre></div></td>
<td>0</td>
<td>com.epam.test.calculator.suites.test.positive.BasicOperators@4f18837a</td></tr>
<tr>
<td title='com.epam.test.calculator.suites.test.positive.BasicOperators.testPow()'><b>testPow</b><br>Test class: com.epam.test.calculator.suites.test.positive.BasicOperators<br>Parameters: 20, 3.9</td>
<td><div><pre>java.lang.AssertionError: expected [true] but found [false]
	at com.epam.test.calculator.suites.test.positive.BasicOperators.testPow(BasicOperators.java:31)
	at java.util.concurrent.ThreadPoolExecutor.runWorker(ThreadPoolExecutor.java:1149)
	at java.util.concurrent.ThreadPoolExecutor$Worker.run(ThreadPoolExecutor.java:624)
	at java.lang.Thread.run(Thread.java:748)
... Removed 14 stack frames</pre></div><a href='#' onClick='toggleBox("stack-trace937063474", this, "Click to show all stack frames", "Click to hide stack frames")'>Click to show all stack frames</a>
<div class='stack-trace' id='stack-trace937063474'><pre>java.lang.AssertionError: expected [true] but found [false]
	at org.testng.Assert.fail(Assert.java:96)
	at org.testng.Assert.failNotEquals(Assert.java:776)
	at org.testng.Assert.assertTrue(Assert.java:44)
	at org.testng.Assert.assertTrue(Assert.java:54)
	at com.epam.test.calculator.suites.test.positive.BasicOperators.testPow(BasicOperators.java:31)
	at sun.reflect.NativeMethodAccessorImpl.invoke0(Native Method)
	at sun.reflect.NativeMethodAccessorImpl.invoke(NativeMethodAccessorImpl.java:62)
	at sun.reflect.DelegatingMethodAccessorImpl.invoke(DelegatingMethodAccessorImpl.java:43)
	at java.lang.reflect.Method.invoke(Method.java:498)
	at org.testng.internal.MethodInvocationHelper.invokeMethod(MethodInvocationHelper.java:124)
	at org.testng.internal.Invoker.invokeMethod(Invoker.java:580)
	at org.testng.internal.Invoker.invokeTestMethod(Invoker.java:716)
	at org.testng.internal.Invoker.invokeTestMethods(Invoker.java:988)
	at org.testng.internal.TestMethodWorker.invokeTestMethods(TestMethodWorker.java:125)
	at org.testng.internal.TestMethodWorker.run(TestMethodWorker.java:109)
	at java.util.concurrent.ThreadPoolExecutor.runWorker(ThreadPoolExecutor.java:1149)
	at java.util.concurrent.ThreadPoolExecutor$Worker.run(ThreadPoolExecutor.java:624)
	at java.lang.Thread.run(Thread.java:748)
</pre></div></td>
<td>0</td>
<td>com.epam.test.calculator.suites.test.positive.BasicOperators@4f18837a</td></tr>
</table><p>
<table width='100%' border='1' class='invocation-passed'>
<tr><td colspan='4' align='center'><b>PASSED TESTS</b></td></tr>
<tr><td><b>Test method</b></td>
<td width="30%"><b>Exception</b></td>
<td width="10%"><b>Time (seconds)</b></td>
<td><b>Instance</b></td>
</tr>
<tr>
<td title='com.epam.test.calculator.suites.test.positive.BasicOperators.divTest()'><b>divTest</b><br>Test class: com.epam.test.calculator.suites.test.positive.BasicOperators<br>Parameters: 20, 3.9</td>
<td></td>
<td>0</td>
<td>com.epam.test.calculator.suites.test.positive.BasicOperators@4f18837a</td></tr>
<tr>
<td title='com.epam.test.calculator.suites.test.positive.BasicOperators.divTest()'><b>divTest</b><br>Test class: com.epam.test.calculator.suites.test.positive.BasicOperators<br>Parameters: 3.92351654564654, 1</td>
<td></td>
<td>0</td>
<td>com.epam.test.calculator.suites.test.positive.BasicOperators@4f18837a</td></tr>
<tr>
<td title='com.epam.test.calculator.suites.test.positive.BasicOperators.divTest()'><b>divTest</b><br>Test class: com.epam.test.calculator.suites.test.positive.BasicOperators<br>Parameters: 1, -10</td>
<td></td>
<td>0</td>
<td>com.epam.test.calculator.suites.test.positive.BasicOperators@4f18837a</td></tr>
<tr>
<td title='com.epam.test.calculator.suites.test.positive.BasicOperators.divTest()'><b>divTest</b><br>Test class: com.epam.test.calculator.suites.test.positive.BasicOperators<br>Parameters: -1000.2, 3</td>
<td></td>
<td>0</td>
<td>com.epam.test.calculator.suites.test.positive.BasicOperators@4f18837a</td></tr>
<tr>
<td title='com.epam.test.calculator.suites.test.positive.BasicOperators.divTest()'><b>divTest</b><br>Test class: com.epam.test.calculator.suites.test.positive.BasicOperators<br>Parameters: 0, 0</td>
<td></td>
<td>0</td>
<td>com.epam.test.calculator.suites.test.positive.BasicOperators@4f18837a</td></tr>
<tr>
<td title='com.epam.test.calculator.suites.test.positive.BasicOperators.multTest()'><b>multTest</b><br>Test class: com.epam.test.calculator.suites.test.positive.BasicOperators<br>Parameters: 20, 3.9</td>
<td></td>
<td>0</td>
<td>com.epam.test.calculator.suites.test.positive.BasicOperators@4f18837a</td></tr>
<tr>
<td title='com.epam.test.calculator.suites.test.positive.BasicOperators.multTest()'><b>multTest</b><br>Test class: com.epam.test.calculator.suites.test.positive.BasicOperators<br>Parameters: 1, -10</td>
<td></td>
<td>0</td>
<td>com.epam.test.calculator.suites.test.positive.BasicOperators@4f18837a</td></tr>
<tr>
<td title='com.epam.test.calculator.suites.test.positive.BasicOperators.multTest()'><b>multTest</b><br>Test class: com.epam.test.calculator.suites.test.positive.BasicOperators<br>Parameters: 0, 0</td>
<td></td>
<td>0</td>
<td>com.epam.test.calculator.suites.test.positive.BasicOperators@4f18837a</td></tr>
<tr>
<td title='com.epam.test.calculator.suites.test.positive.BasicOperators.testIsPositive()'><b>testIsPositive</b><br>Test class: com.epam.test.calculator.suites.test.positive.BasicOperators</td>
<td></td>
<td>0</td>
<td>com.epam.test.calculator.suites.test.positive.BasicOperators@4f18837a</td></tr>
<tr>
<td title='com.epam.test.calculator.suites.test.positive.BasicOperators.testPow()'><b>testPow</b><br>Test class: com.epam.test.calculator.suites.test.positive.BasicOperators<br>Parameters: 3.92351654564654, 1</td>
<td></td>
<td>0</td>
<td>com.epam.test.calculator.suites.test.positive.BasicOperators@4f18837a</td></tr>
<tr>
<td title='com.epam.test.calculator.suites.test.positive.BasicOperators.testPow()'><b>testPow</b><br>Test class: com.epam.test.calculator.suites.test.positive.BasicOperators<br>Parameters: 1, -10</td>
<td></td>
<td>0</td>
<td>com.epam.test.calculator.suites.test.positive.BasicOperators@4f18837a</td></tr>
<tr>
<td title='com.epam.test.calculator.suites.test.positive.BasicOperators.testPow()'><b>testPow</b><br>Test class: com.epam.test.calculator.suites.test.positive.BasicOperators<br>Parameters: -1000.2, 3</td>
<td></td>
<td>0</td>
<td>com.epam.test.calculator.suites.test.positive.BasicOperators@4f18837a</td></tr>
<tr>
<td title='com.epam.test.calculator.suites.test.positive.BasicOperators.testPow()'><b>testPow</b><br>Test class: com.epam.test.calculator.suites.test.positive.BasicOperators<br>Parameters: 0, 0</td>
<td></td>
<td>0</td>
<td>com.epam.test.calculator.suites.test.positive.BasicOperators@4f18837a</td></tr>
</table><p>
</body>
</html>