<?xml version="1.0" encoding="UTF-8"?>
<testng-results ignored="0" total="6" passed="5" failed="0" skipped="1">
  <reporter-output>
  </reporter-output>
  <suite started-at="2018-04-24T13:21:14Z" name="Command line suite" finished-at="2018-04-24T13:22:29Z" duration-ms="74372">
    <groups>
      <group name="basic-functions">
        <method signature="CreateDraftTest.createMessage(java.lang.String, java.lang.String, java.lang.String)[pri:1, instance:mail.tests.CreateDraftTest@4218d6a3]" name="createMessage" class="mail.tests.CreateDraftTest"/>
        <method signature="LoginTest.login()[pri:0, instance:mail.tests.LoginTest@76505305]" name="login" class="mail.tests.LoginTest"/>
      </group> <!-- basic-functions -->
      <group name="other-functions">
        <method signature="LogOutTest.logOut()[pri:10, instance:mail.tests.LogOutTest@14cd1699]" name="logOut" class="mail.tests.LogOutTest"/>
        <method signature="SendLetterTest.sendLetter(java.lang.String, java.lang.String, java.lang.String)[pri:3, instance:mail.tests.SendLetterTest@77888435]" name="sendLetter" class="mail.tests.SendLetterTest"/>
      </group> <!-- other-functions -->
    </groups>
    <test started-at="2018-04-24T13:21:14Z" name="Command line test" finished-at="2018-04-24T13:22:29Z" duration-ms="74372">
      <class name="mail.tests.LogOutTest">
        <test-method is-config="true" signature="beforeClass(java.lang.String)[pri:0, instance:mail.tests.LogOutTest@14cd1699]" started-at="2018-04-24T16:22:20Z" name="beforeClass" finished-at="2018-04-24T16:22:29Z" duration-ms="9008" status="FAIL">
          <params>
            <param index="0">
              <value>
                <![CDATA[driver]]>
              </value>
            </param>
          </params>
          <exception class="org.openqa.selenium.WebDriverException">
            <message>
              <![CDATA[Process unexpectedly closed with status 0Build info: version: '3.11.0', revision: 'e59cfb3', time: '2018-03-11T20:26:55.152Z'System info: host: 'EPRURYAW0060', ip: '10.19.10.150', os.name: 'Windows 10', os.arch: 'amd64', os.version: '10.0', java.version: '9.0.4'Driver info: driver.version: FirefoxDriverremote stacktrace: ]]>
            </message>
            <full-stacktrace>
              <![CDATA[org.openqa.selenium.WebDriverException: Process unexpectedly closed with status 0Build info: version: '3.11.0', revision: 'e59cfb3', time: '2018-03-11T20:26:55.152Z'System info: host: 'EPRURYAW0060', ip: '10.19.10.150', os.name: 'Windows 10', os.arch: 'amd64', os.version: '10.0', java.version: '9.0.4'Driver info: driver.version: FirefoxDriverremote stacktrace: at java.base/jdk.internal.reflect.NativeConstructorAccessorImpl.newInstance0(Native Method)at java.base/jdk.internal.reflect.NativeConstructorAccessorImpl.newInstance(NativeConstructorAccessorImpl.java:62)at java.base/jdk.internal.reflect.DelegatingConstructorAccessorImpl.newInstance(DelegatingConstructorAccessorImpl.java:45)at java.base/java.lang.reflect.Constructor.newInstance(Constructor.java:488)at org.openqa.selenium.remote.W3CHandshakeResponse.lambda$new$0(W3CHandshakeResponse.java:57)at org.openqa.selenium.remote.W3CHandshakeResponse.lambda$getResponseFunction$2(W3CHandshakeResponse.java:104)at org.openqa.selenium.remote.ProtocolHandshake.lambda$createSession$0(ProtocolHandshake.java:123)at java.base/java.util.stream.ReferencePipeline$3$1.accept(ReferencePipeline.java:195)at java.base/java.util.Spliterators$ArraySpliterator.tryAdvance(Spliterators.java:958)at java.base/java.util.stream.ReferencePipeline.forEachWithCancel(ReferencePipeline.java:127)at java.base/java.util.stream.AbstractPipeline.copyIntoWithCancel(AbstractPipeline.java:502)at java.base/java.util.stream.AbstractPipeline.copyInto(AbstractPipeline.java:488)at java.base/java.util.stream.AbstractPipeline.wrapAndCopyInto(AbstractPipeline.java:474)at java.base/java.util.stream.FindOps$FindOp.evaluateSequential(FindOps.java:152)at java.base/java.util.stream.AbstractPipeline.evaluate(AbstractPipeline.java:234)at java.base/java.util.stream.ReferencePipeline.findFirst(ReferencePipeline.java:476)at org.openqa.selenium.remote.ProtocolHandshake.createSession(ProtocolHandshake.java:126)at org.openqa.selenium.remote.ProtocolHandshake.createSession(ProtocolHandshake.java:73)at org.openqa.selenium.remote.HttpCommandExecutor.execute(HttpCommandExecutor.java:136)at org.openqa.selenium.remote.service.DriverCommandExecutor.execute(DriverCommandExecutor.java:83)at org.openqa.selenium.remote.RemoteWebDriver.execute(RemoteWebDriver.java:545)at org.openqa.selenium.remote.RemoteWebDriver.startSession(RemoteWebDriver.java:209)at org.openqa.selenium.remote.RemoteWebDriver.<init>(RemoteWebDriver.java:132)at org.openqa.selenium.firefox.FirefoxDriver.<init>(FirefoxDriver.java:120)at org.openqa.selenium.firefox.FirefoxDriver.<init>(FirefoxDriver.java:98)at mail.tests.BasicTestClass.beforeClass(BasicTestClass.java:69)at java.base/jdk.internal.reflect.NativeMethodAccessorImpl.invoke0(Native Method)at java.base/jdk.internal.reflect.NativeMethodAccessorImpl.invoke(NativeMethodAccessorImpl.java:62)at java.base/jdk.internal.reflect.DelegatingMethodAccessorImpl.invoke(DelegatingMethodAccessorImpl.java:43)at java.base/java.lang.reflect.Method.invoke(Method.java:564)at org.testng.internal.MethodInvocationHelper.invokeMethod(MethodInvocationHelper.java:124)at org.testng.internal.MethodInvocationHelper.invokeMethodConsideringTimeout(MethodInvocationHelper.java:59)at org.testng.internal.Invoker.invokeConfigurationMethod(Invoker.java:451)at org.testng.internal.Invoker.invokeConfigurations(Invoker.java:222)at org.testng.internal.Invoker.invokeConfigurations(Invoker.java:142)at org.testng.internal.TestMethodWorker.invokeBeforeClassMethods(TestMethodWorker.java:163)at org.testng.internal.TestMethodWorker.run(TestMethodWorker.java:105)at org.testng.TestRunner.privateRun(TestRunner.java:648)at org.testng.TestRunner.run(TestRunner.java:505)at org.testng.SuiteRunner.runTest(SuiteRunner.java:455)at org.testng.SuiteRunner.runSequentially(SuiteRunner.java:450)at org.testng.SuiteRunner.privateRun(SuiteRunner.java:415)at org.testng.SuiteRunner.run(SuiteRunner.java:364)at org.testng.SuiteRunnerWorker.runSuite(SuiteRunnerWorker.java:52)at org.testng.SuiteRunnerWorker.run(SuiteRunnerWorker.java:84)at org.testng.TestNG.runSuitesSequentially(TestNG.java:1187)at org.testng.TestNG.runSuitesLocally(TestNG.java:1116)at org.testng.TestNG.runSuites(TestNG.java:1028)at org.testng.TestNG.run(TestNG.java:996)at org.apache.maven.surefire.testng.TestNGExecutor.run(TestNGExecutor.java:77)at org.apache.maven.surefire.testng.TestNGDirectoryTestSuite.executeMulti(TestNGDirectoryTestSuite.java:159)at org.apache.maven.surefire.testng.TestNGDirectoryTestSuite.execute(TestNGDirectoryTestSuite.java:99)at org.apache.maven.surefire.testng.TestNGProvider.invoke(TestNGProvider.java:106)at java.base/jdk.internal.reflect.NativeMethodAccessorImpl.invoke0(Native Method)at java.base/jdk.internal.reflect.NativeMethodAccessorImpl.invoke(NativeMethodAccessorImpl.java:62)at java.base/jdk.internal.reflect.DelegatingMethodAccessorImpl.invoke(DelegatingMethodAccessorImpl.java:43)at java.base/java.lang.reflect.Method.invoke(Method.java:564)at org.apache.maven.surefire.util.ReflectionUtils.invokeMethodWithArray(ReflectionUtils.java:189)at org.apache.maven.surefire.booter.ProviderFactory$ProviderProxy.invoke(ProviderFactory.java:165)at org.apache.maven.surefire.booter.ProviderFactory.invokeProvider(ProviderFactory.java:85)at org.apache.maven.surefire.booter.ForkedBooter.runSuitesInProcess(ForkedBooter.java:115)at org.apache.maven.surefire.booter.ForkedBooter.main(ForkedBooter.java:75)]]>
            </full-stacktrace>
          </exception> <!-- org.openqa.selenium.WebDriverException -->
          <reporter-output>
          </reporter-output>
        </test-method> <!-- beforeClass -->
        <test-method is-config="true" signature="setUp()[pri:0, instance:mail.tests.LogOutTest@14cd1699]" started-at="2018-04-24T16:22:29Z" name="setUp" finished-at="2018-04-24T16:22:29Z" duration-ms="0" status="SKIP">
          <reporter-output>
          </reporter-output>
        </test-method> <!-- setUp -->
        <test-method signature="logOut()[pri:10, instance:mail.tests.LogOutTest@14cd1699]" started-at="2018-04-24T16:22:29Z" name="logOut" finished-at="2018-04-24T16:22:29Z" duration-ms="0" status="SKIP">
          <exception class="org.openqa.selenium.WebDriverException">
            <message>
              <![CDATA[Process unexpectedly closed with status 0Build info: version: '3.11.0', revision: 'e59cfb3', time: '2018-03-11T20:26:55.152Z'System info: host: 'EPRURYAW0060', ip: '10.19.10.150', os.name: 'Windows 10', os.arch: 'amd64', os.version: '10.0', java.version: '9.0.4'Driver info: driver.version: FirefoxDriverremote stacktrace: ]]>
            </message>
            <full-stacktrace>
              <![CDATA[org.openqa.selenium.WebDriverException: Process unexpectedly closed with status 0Build info: version: '3.11.0', revision: 'e59cfb3', time: '2018-03-11T20:26:55.152Z'System info: host: 'EPRURYAW0060', ip: '10.19.10.150', os.name: 'Windows 10', os.arch: 'amd64', os.version: '10.0', java.version: '9.0.4'Driver info: driver.version: FirefoxDriverremote stacktrace: at java.base/jdk.internal.reflect.NativeConstructorAccessorImpl.newInstance0(Native Method)at java.base/jdk.internal.reflect.NativeConstructorAccessorImpl.newInstance(NativeConstructorAccessorImpl.java:62)at java.base/jdk.internal.reflect.DelegatingConstructorAccessorImpl.newInstance(DelegatingConstructorAccessorImpl.java:45)at java.base/java.lang.reflect.Constructor.newInstance(Constructor.java:488)at org.openqa.selenium.remote.W3CHandshakeResponse.lambda$new$0(W3CHandshakeResponse.java:57)at org.openqa.selenium.remote.W3CHandshakeResponse.lambda$getResponseFunction$2(W3CHandshakeResponse.java:104)at org.openqa.selenium.remote.ProtocolHandshake.lambda$createSession$0(ProtocolHandshake.java:123)at java.base/java.util.stream.ReferencePipeline$3$1.accept(ReferencePipeline.java:195)at java.base/java.util.Spliterators$ArraySpliterator.tryAdvance(Spliterators.java:958)at java.base/java.util.stream.ReferencePipeline.forEachWithCancel(ReferencePipeline.java:127)at java.base/java.util.stream.AbstractPipeline.copyIntoWithCancel(AbstractPipeline.java:502)at java.base/java.util.stream.AbstractPipeline.copyInto(AbstractPipeline.java:488)at java.base/java.util.stream.AbstractPipeline.wrapAndCopyInto(AbstractPipeline.java:474)at java.base/java.util.stream.FindOps$FindOp.evaluateSequential(FindOps.java:152)at java.base/java.util.stream.AbstractPipeline.evaluate(AbstractPipeline.java:234)at java.base/java.util.stream.ReferencePipeline.findFirst(ReferencePipeline.java:476)at org.openqa.selenium.remote.ProtocolHandshake.createSession(ProtocolHandshake.java:126)at org.openqa.selenium.remote.ProtocolHandshake.createSession(ProtocolHandshake.java:73)at org.openqa.selenium.remote.HttpCommandExecutor.execute(HttpCommandExecutor.java:136)at org.openqa.selenium.remote.service.DriverCommandExecutor.execute(DriverCommandExecutor.java:83)at org.openqa.selenium.remote.RemoteWebDriver.execute(RemoteWebDriver.java:545)at org.openqa.selenium.remote.RemoteWebDriver.startSession(RemoteWebDriver.java:209)at org.openqa.selenium.remote.RemoteWebDriver.<init>(RemoteWebDriver.java:132)at org.openqa.selenium.firefox.FirefoxDriver.<init>(FirefoxDriver.java:120)at org.openqa.selenium.firefox.FirefoxDriver.<init>(FirefoxDriver.java:98)at mail.tests.BasicTestClass.beforeClass(BasicTestClass.java:69)at java.base/jdk.internal.reflect.NativeMethodAccessorImpl.invoke0(Native Method)at java.base/jdk.internal.reflect.NativeMethodAccessorImpl.invoke(NativeMethodAccessorImpl.java:62)at java.base/jdk.internal.reflect.DelegatingMethodAccessorImpl.invoke(DelegatingMethodAccessorImpl.java:43)at java.base/java.lang.reflect.Method.invoke(Method.java:564)at org.testng.internal.MethodInvocationHelper.invokeMethod(MethodInvocationHelper.java:124)at org.testng.internal.MethodInvocationHelper.invokeMethodConsideringTimeout(MethodInvocationHelper.java:59)at org.testng.internal.Invoker.invokeConfigurationMethod(Invoker.java:451)at org.testng.internal.Invoker.invokeConfigurations(Invoker.java:222)at org.testng.internal.Invoker.invokeConfigurations(Invoker.java:142)at org.testng.internal.TestMethodWorker.invokeBeforeClassMethods(TestMethodWorker.java:163)at org.testng.internal.TestMethodWorker.run(TestMethodWorker.java:105)at org.testng.TestRunner.privateRun(TestRunner.java:648)at org.testng.TestRunner.run(TestRunner.java:505)at org.testng.SuiteRunner.runTest(SuiteRunner.java:455)at org.testng.SuiteRunner.runSequentially(SuiteRunner.java:450)at org.testng.SuiteRunner.privateRun(SuiteRunner.java:415)at org.testng.SuiteRunner.run(SuiteRunner.java:364)at org.testng.SuiteRunnerWorker.runSuite(SuiteRunnerWorker.java:52)at org.testng.SuiteRunnerWorker.run(SuiteRunnerWorker.java:84)at org.testng.TestNG.runSuitesSequentially(TestNG.java:1187)at org.testng.TestNG.runSuitesLocally(TestNG.java:1116)at org.testng.TestNG.runSuites(TestNG.java:1028)at org.testng.TestNG.run(TestNG.java:996)at org.apache.maven.surefire.testng.TestNGExecutor.run(TestNGExecutor.java:77)at org.apache.maven.surefire.testng.TestNGDirectoryTestSuite.executeMulti(TestNGDirectoryTestSuite.java:159)at org.apache.maven.surefire.testng.TestNGDirectoryTestSuite.execute(TestNGDirectoryTestSuite.java:99)at org.apache.maven.surefire.testng.TestNGProvider.invoke(TestNGProvider.java:106)at java.base/jdk.internal.reflect.NativeMethodAccessorImpl.invoke0(Native Method)at java.base/jdk.internal.reflect.NativeMethodAccessorImpl.invoke(NativeMethodAccessorImpl.java:62)at java.base/jdk.internal.reflect.DelegatingMethodAccessorImpl.invoke(DelegatingMethodAccessorImpl.java:43)at java.base/java.lang.reflect.Method.invoke(Method.java:564)at org.apache.maven.surefire.util.ReflectionUtils.invokeMethodWithArray(ReflectionUtils.java:189)at org.apache.maven.surefire.booter.ProviderFactory$ProviderProxy.invoke(ProviderFactory.java:165)at org.apache.maven.surefire.booter.ProviderFactory.invokeProvider(ProviderFactory.java:85)at org.apache.maven.surefire.booter.ForkedBooter.runSuitesInProcess(ForkedBooter.java:115)at org.apache.maven.surefire.booter.ForkedBooter.main(ForkedBooter.java:75)]]>
            </full-stacktrace>
          </exception> <!-- org.openqa.selenium.WebDriverException -->
          <reporter-output>
          </reporter-output>
        </test-method> <!-- logOut -->
        <test-method is-config="true" signature="afterClass()[pri:0, instance:mail.tests.LogOutTest@14cd1699]" started-at="2018-04-24T16:22:29Z" name="afterClass" finished-at="2018-04-24T16:22:29Z" duration-ms="0" status="PASS">
          <reporter-output>
          </reporter-output>
        </test-method> <!-- afterClass -->
      </class> <!-- mail.tests.LogOutTest -->
      <class name="mail.tests.CreateDraftTest">
        <test-method is-config="true" signature="beforeClass(java.lang.String)[pri:0, instance:mail.tests.CreateDraftTest@4218d6a3]" started-at="2018-04-24T16:21:28Z" name="beforeClass" finished-at="2018-04-24T16:21:38Z" duration-ms="9501" status="PASS">
          <params>
            <param index="0">
              <value>
                <![CDATA[driver]]>
              </value>
            </param>
          </params>
          <reporter-output>
          </reporter-output>
        </test-method> <!-- beforeClass -->
        <test-method is-config="true" signature="setUp()[pri:0, instance:mail.tests.CreateDraftTest@4218d6a3]" started-at="2018-04-24T16:21:38Z" name="setUp" finished-at="2018-04-24T16:21:38Z" duration-ms="0" status="PASS">
          <reporter-output>
          </reporter-output>
        </test-method> <!-- setUp -->
        <test-method signature="createMessage(java.lang.String, java.lang.String, java.lang.String)[pri:1, instance:mail.tests.CreateDraftTest@4218d6a3]" started-at="2018-04-24T16:21:38Z" name="createMessage" data-provider="letterData" finished-at="2018-04-24T16:21:45Z" duration-ms="6997" status="PASS">
          <params>
            <param index="0">
              <value>
                <![CDATA[gadwil@yandex.ru]]>
              </value>
            </param>
            <param index="1">
              <value>
                <![CDATA[test message №1]]>
              </value>
            </param>
            <param index="2">
              <value>
                <![CDATA[Some message №1]]>
              </value>
            </param>
          </params>
          <reporter-output>
          </reporter-output>
        </test-method> <!-- createMessage -->
        <test-method signature="createMessage(java.lang.String, java.lang.String, java.lang.String)[pri:1, instance:mail.tests.CreateDraftTest@4218d6a3]" started-at="2018-04-24T16:21:45Z" name="createMessage" data-provider="letterData" finished-at="2018-04-24T16:21:48Z" duration-ms="2946" status="PASS">
          <params>
            <param index="0">
              <value>
                <![CDATA[gadwil@yandex.ru]]>
              </value>
            </param>
            <param index="1">
              <value>
                <![CDATA[test message №2]]>
              </value>
            </param>
            <param index="2">
              <value>
                <![CDATA[Some message №2]]>
              </value>
            </param>
          </params>
          <reporter-output>
          </reporter-output>
        </test-method> <!-- createMessage -->
        <test-method is-config="true" signature="deleteDrafts()[pri:0, instance:mail.tests.CreateDraftTest@4218d6a3]" started-at="2018-04-24T16:21:48Z" name="deleteDrafts" finished-at="2018-04-24T16:21:50Z" duration-ms="2417" status="PASS">
          <reporter-output>
          </reporter-output>
        </test-method> <!-- deleteDrafts -->
        <test-method is-config="true" signature="afterClass()[pri:0, instance:mail.tests.CreateDraftTest@4218d6a3]" started-at="2018-04-24T16:21:50Z" name="afterClass" finished-at="2018-04-24T16:21:52Z" duration-ms="1953" status="PASS">
          <reporter-output>
          </reporter-output>
        </test-method> <!-- afterClass -->
      </class> <!-- mail.tests.CreateDraftTest -->
      <class name="mail.tests.SendLetterTest">
        <test-method is-config="true" signature="beforeClass(java.lang.String)[pri:0, instance:mail.tests.SendLetterTest@77888435]" started-at="2018-04-24T16:21:52Z" name="beforeClass" finished-at="2018-04-24T16:22:01Z" duration-ms="8922" status="PASS">
          <params>
            <param index="0">
              <value>
                <![CDATA[driver]]>
              </value>
            </param>
          </params>
          <reporter-output>
          </reporter-output>
        </test-method> <!-- beforeClass -->
        <test-method is-config="true" signature="setUp()[pri:0, instance:mail.tests.SendLetterTest@77888435]" started-at="2018-04-24T16:22:01Z" name="setUp" finished-at="2018-04-24T16:22:01Z" duration-ms="2" status="PASS">
          <reporter-output>
          </reporter-output>
        </test-method> <!-- setUp -->
        <test-method signature="sendLetter(java.lang.String, java.lang.String, java.lang.String)[pri:3, instance:mail.tests.SendLetterTest@77888435]" started-at="2018-04-24T16:22:01Z" name="sendLetter" data-provider="FillLetter" finished-at="2018-04-24T16:22:11Z" duration-ms="10574" status="PASS">
          <params>
            <param index="0">
              <value>
                <![CDATA[gadwil@yandex.ru]]>
              </value>
            </param>
            <param index="1">
              <value>
                <![CDATA[test message №1]]>
              </value>
            </param>
            <param index="2">
              <value>
                <![CDATA[Some message №1]]>
              </value>
            </param>
          </params>
          <reporter-output>
          </reporter-output>
        </test-method> <!-- sendLetter -->
        <test-method is-config="true" signature="deleteSendedMessage()[pri:0, instance:mail.tests.SendLetterTest@77888435]" started-at="2018-04-24T16:22:11Z" name="deleteSendedMessage" finished-at="2018-04-24T16:22:12Z" duration-ms="924" status="PASS">
          <reporter-output>
          </reporter-output>
        </test-method> <!-- deleteSendedMessage -->
        <test-method signature="sendLetter(java.lang.String, java.lang.String, java.lang.String)[pri:3, instance:mail.tests.SendLetterTest@77888435]" started-at="2018-04-24T16:22:12Z" name="sendLetter" data-provider="FillLetter" finished-at="2018-04-24T16:22:17Z" duration-ms="4779" status="PASS">
          <params>
            <param index="0">
              <value>
                <![CDATA[gadwil@yandex.ru]]>
              </value>
            </param>
            <param index="1">
              <value>
                <![CDATA[test message №2]]>
              </value>
            </param>
            <param index="2">
              <value>
                <![CDATA[Some message №2]]>
              </value>
            </param>
          </params>
          <reporter-output>
          </reporter-output>
        </test-method> <!-- sendLetter -->
        <test-method is-config="true" signature="deleteSendedMessage()[pri:0, instance:mail.tests.SendLetterTest@77888435]" started-at="2018-04-24T16:22:17Z" name="deleteSendedMessage" finished-at="2018-04-24T16:22:18Z" duration-ms="791" status="PASS">
          <reporter-output>
          </reporter-output>
        </test-method> <!-- deleteSendedMessage -->
        <test-method is-config="true" signature="afterClass()[pri:0, instance:mail.tests.SendLetterTest@77888435]" started-at="2018-04-24T16:22:18Z" name="afterClass" finished-at="2018-04-24T16:22:20Z" duration-ms="1616" status="PASS">
          <reporter-output>
          </reporter-output>
        </test-method> <!-- afterClass -->
      </class> <!-- mail.tests.SendLetterTest -->
      <class name="mail.tests.LoginTest">
        <test-method is-config="true" signature="beforeClass(java.lang.String)[pri:0, instance:mail.tests.LoginTest@76505305]" started-at="2018-04-24T16:21:14Z" name="beforeClass" finished-at="2018-04-24T16:21:23Z" duration-ms="9278" status="PASS">
          <params>
            <param index="0">
              <value>
                <![CDATA[driver]]>
              </value>
            </param>
          </params>
          <reporter-output>
          </reporter-output>
        </test-method> <!-- beforeClass -->
        <test-method is-config="true" signature="setUp()[pri:0, instance:mail.tests.LoginTest@76505305]" started-at="2018-04-24T16:21:23Z" name="setUp" finished-at="2018-04-24T16:21:23Z" duration-ms="0" status="PASS">
          <reporter-output>
          </reporter-output>
        </test-method> <!-- setUp -->
        <test-method signature="login()[pri:0, instance:mail.tests.LoginTest@76505305]" started-at="2018-04-24T16:21:23Z" name="login" finished-at="2018-04-24T16:21:26Z" duration-ms="2063" status="PASS">
          <reporter-output>
          </reporter-output>
        </test-method> <!-- login -->
        <test-method is-config="true" signature="afterClass()[pri:0, instance:mail.tests.LoginTest@76505305]" started-at="2018-04-24T16:21:26Z" name="afterClass" finished-at="2018-04-24T16:21:28Z" duration-ms="2509" status="PASS">
          <reporter-output>
          </reporter-output>
        </test-method> <!-- afterClass -->
      </class> <!-- mail.tests.LoginTest -->
    </test> <!-- Command line test -->
  </suite> <!-- Command line suite -->
</testng-results>
